[0.126s] DEBUG:colcon:Command line arguments: ['/usr/bin/colcon', 'list', '-p', '--base-paths', '/home/hiep0247/hiep_ros2']
[0.127s] DEBUG:colcon:Parsed command line arguments: Namespace(log_base=None, log_level=None, verb_name='list', build_base='build', ignore_user_meta=False, metas=['./colcon.meta'], base_paths=['/home/hiep0247/hiep_ros2'], packages_ignore=None, packages_ignore_regex=None, paths=None, packages_up_to=None, packages_up_to_regex=None, packages_above=None, packages_above_and_dependencies=None, packages_above_depth=None, packages_select_by_dep=None, packages_skip_by_dep=None, packages_skip_up_to=None, packages_select_build_failed=False, packages_skip_build_finished=False, packages_select_test_failures=False, packages_skip_test_passed=False, packages_select=None, packages_skip=None, packages_select_regex=None, packages_skip_regex=None, packages_start=None, packages_end=None, allow_overriding=[], topological_order=False, names_only=False, paths_only=True, topological_graph=False, topological_graph_dot=False, topological_graph_density=False, topological_graph_legend=False, topological_graph_dot_cluster=False, topological_graph_dot_include_skipped=False, mixin_files=None, mixin=None, verb_parser=<colcon_mixin.mixin.mixin_argument.MixinArgumentDecorator object at 0x7cd557eb1fd0>, verb_extension=<colcon_package_information.verb.list.ListVerb object at 0x7cd557eb13d0>, main=<bound method ListVerb.main of <colcon_package_information.verb.list.ListVerb object at 0x7cd557eb13d0>>, mixin_verb=('list',))
[0.180s] Level 1:colcon.colcon_core.package_discovery:discover_packages(colcon_meta) check parameters
[0.181s] Level 1:colcon.colcon_core.package_discovery:discover_packages(recursive) check parameters
[0.181s] Level 1:colcon.colcon_core.package_discovery:discover_packages(ignore) check parameters
[0.181s] Level 1:colcon.colcon_core.package_discovery:discover_packages(path) check parameters
[0.181s] Level 1:colcon.colcon_core.package_discovery:discover_packages(recursive) discover
[0.181s] INFO:colcon.colcon_core.package_discovery:Crawling recursively for packages in '/home/hiep0247/hiep_ros2'
[0.181s] Level 1:colcon.colcon_core.package_identification:_identify(/home/hiep0247/hiep_ros2) by extensions ['ignore', 'ignore_ament_install']
[0.181s] Level 1:colcon.colcon_core.package_identification:_identify(/home/hiep0247/hiep_ros2) by extension 'ignore'
[0.181s] Level 1:colcon.colcon_core.package_identification:_identify(/home/hiep0247/hiep_ros2) by extension 'ignore_ament_install'
[0.181s] Level 1:colcon.colcon_core.package_identification:_identify(/home/hiep0247/hiep_ros2) by extensions ['colcon_pkg']
[0.182s] Level 1:colcon.colcon_core.package_identification:_identify(/home/hiep0247/hiep_ros2) by extension 'colcon_pkg'
[0.182s] Level 1:colcon.colcon_core.package_identification:_identify(/home/hiep0247/hiep_ros2) by extensions ['colcon_meta']
[0.182s] Level 1:colcon.colcon_core.package_identification:_identify(/home/hiep0247/hiep_ros2) by extension 'colcon_meta'
[0.182s] Level 1:colcon.colcon_core.package_identification:_identify(/home/hiep0247/hiep_ros2) by extensions ['ros']
[0.182s] Level 1:colcon.colcon_core.package_identification:_identify(/home/hiep0247/hiep_ros2) by extension 'ros'
[0.219s] Level 1:colcon.colcon_core.package_identification:_identify(/home/hiep0247/hiep_ros2) by extensions ['cmake', 'python']
[0.219s] Level 1:colcon.colcon_core.package_identification:_identify(/home/hiep0247/hiep_ros2) by extension 'cmake'
[0.219s] Level 1:colcon.colcon_core.package_identification:_identify(/home/hiep0247/hiep_ros2) by extension 'python'
[0.219s] Level 1:colcon.colcon_core.package_identification:_identify(/home/hiep0247/hiep_ros2) by extensions ['python_setup_py']
[0.219s] Level 1:colcon.colcon_core.package_identification:_identify(/home/hiep0247/hiep_ros2) by extension 'python_setup_py'
[0.219s] Level 1:colcon.colcon_core.package_identification:_identify(/home/hiep0247/hiep_ros2/build) by extensions ['ignore', 'ignore_ament_install']
[0.219s] Level 1:colcon.colcon_core.package_identification:_identify(/home/hiep0247/hiep_ros2/build) by extension 'ignore'
[0.219s] Level 1:colcon.colcon_core.package_identification:_identify(/home/hiep0247/hiep_ros2/build) ignored
[0.220s] Level 1:colcon.colcon_core.package_identification:_identify(/home/hiep0247/hiep_ros2/install) by extensions ['ignore', 'ignore_ament_install']
[0.220s] Level 1:colcon.colcon_core.package_identification:_identify(/home/hiep0247/hiep_ros2/install) by extension 'ignore'
[0.220s] Level 1:colcon.colcon_core.package_identification:_identify(/home/hiep0247/hiep_ros2/install) ignored
[0.220s] Level 1:colcon.colcon_core.package_identification:_identify(/home/hiep0247/hiep_ros2/log) by extensions ['ignore', 'ignore_ament_install']
[0.220s] Level 1:colcon.colcon_core.package_identification:_identify(/home/hiep0247/hiep_ros2/log) by extension 'ignore'
[0.220s] Level 1:colcon.colcon_core.package_identification:_identify(/home/hiep0247/hiep_ros2/log) ignored
[0.220s] Level 1:colcon.colcon_core.package_identification:_identify(/home/hiep0247/hiep_ros2/src) by extensions ['ignore', 'ignore_ament_install']
[0.220s] Level 1:colcon.colcon_core.package_identification:_identify(/home/hiep0247/hiep_ros2/src) by extension 'ignore'
[0.220s] Level 1:colcon.colcon_core.package_identification:_identify(/home/hiep0247/hiep_ros2/src) by extension 'ignore_ament_install'
[0.220s] Level 1:colcon.colcon_core.package_identification:_identify(/home/hiep0247/hiep_ros2/src) by extensions ['colcon_pkg']
[0.220s] Level 1:colcon.colcon_core.package_identification:_identify(/home/hiep0247/hiep_ros2/src) by extension 'colcon_pkg'
[0.220s] Level 1:colcon.colcon_core.package_identification:_identify(/home/hiep0247/hiep_ros2/src) by extensions ['colcon_meta']
[0.221s] Level 1:colcon.colcon_core.package_identification:_identify(/home/hiep0247/hiep_ros2/src) by extension 'colcon_meta'
[0.221s] Level 1:colcon.colcon_core.package_identification:_identify(/home/hiep0247/hiep_ros2/src) by extensions ['ros']
[0.221s] Level 1:colcon.colcon_core.package_identification:_identify(/home/hiep0247/hiep_ros2/src) by extension 'ros'
[0.221s] Level 1:colcon.colcon_core.package_identification:_identify(/home/hiep0247/hiep_ros2/src) by extensions ['cmake', 'python']
[0.221s] Level 1:colcon.colcon_core.package_identification:_identify(/home/hiep0247/hiep_ros2/src) by extension 'cmake'
[0.221s] Level 1:colcon.colcon_core.package_identification:_identify(/home/hiep0247/hiep_ros2/src) by extension 'python'
[0.221s] Level 1:colcon.colcon_core.package_identification:_identify(/home/hiep0247/hiep_ros2/src) by extensions ['python_setup_py']
[0.221s] Level 1:colcon.colcon_core.package_identification:_identify(/home/hiep0247/hiep_ros2/src) by extension 'python_setup_py'
[0.221s] Level 1:colcon.colcon_core.package_identification:_identify(/home/hiep0247/hiep_ros2/src/hiep_robot2) by extensions ['ignore', 'ignore_ament_install']
[0.221s] Level 1:colcon.colcon_core.package_identification:_identify(/home/hiep0247/hiep_ros2/src/hiep_robot2) by extension 'ignore'
[0.221s] Level 1:colcon.colcon_core.package_identification:_identify(/home/hiep0247/hiep_ros2/src/hiep_robot2) by extension 'ignore_ament_install'
[0.221s] Level 1:colcon.colcon_core.package_identification:_identify(/home/hiep0247/hiep_ros2/src/hiep_robot2) by extensions ['colcon_pkg']
[0.221s] Level 1:colcon.colcon_core.package_identification:_identify(/home/hiep0247/hiep_ros2/src/hiep_robot2) by extension 'colcon_pkg'
[0.221s] Level 1:colcon.colcon_core.package_identification:_identify(/home/hiep0247/hiep_ros2/src/hiep_robot2) by extensions ['colcon_meta']
[0.221s] Level 1:colcon.colcon_core.package_identification:_identify(/home/hiep0247/hiep_ros2/src/hiep_robot2) by extension 'colcon_meta'
[0.221s] Level 1:colcon.colcon_core.package_identification:_identify(/home/hiep0247/hiep_ros2/src/hiep_robot2) by extensions ['ros']
[0.221s] Level 1:colcon.colcon_core.package_identification:_identify(/home/hiep0247/hiep_ros2/src/hiep_robot2) by extension 'ros'
[0.227s] DEBUG:colcon.colcon_core.package_identification:Package '/home/hiep0247/hiep_ros2/src/hiep_robot2' with type 'ros.ament_python' and name 'hiep_robot2'
[0.227s] Level 1:colcon.colcon_core.package_identification:_identify(/home/hiep0247/hiep_ros2/src/mec_mobile) by extensions ['ignore', 'ignore_ament_install']
[0.227s] Level 1:colcon.colcon_core.package_identification:_identify(/home/hiep0247/hiep_ros2/src/mec_mobile) by extension 'ignore'
[0.227s] Level 1:colcon.colcon_core.package_identification:_identify(/home/hiep0247/hiep_ros2/src/mec_mobile) by extension 'ignore_ament_install'
[0.227s] Level 1:colcon.colcon_core.package_identification:_identify(/home/hiep0247/hiep_ros2/src/mec_mobile) by extensions ['colcon_pkg']
[0.227s] Level 1:colcon.colcon_core.package_identification:_identify(/home/hiep0247/hiep_ros2/src/mec_mobile) by extension 'colcon_pkg'
[0.228s] Level 1:colcon.colcon_core.package_identification:_identify(/home/hiep0247/hiep_ros2/src/mec_mobile) by extensions ['colcon_meta']
[0.228s] Level 1:colcon.colcon_core.package_identification:_identify(/home/hiep0247/hiep_ros2/src/mec_mobile) by extension 'colcon_meta'
[0.228s] Level 1:colcon.colcon_core.package_identification:_identify(/home/hiep0247/hiep_ros2/src/mec_mobile) by extensions ['ros']
[0.228s] Level 1:colcon.colcon_core.package_identification:_identify(/home/hiep0247/hiep_ros2/src/mec_mobile) by extension 'ros'
[0.228s] DEBUG:colcon.colcon_core.package_identification:Package '/home/hiep0247/hiep_ros2/src/mec_mobile' with type 'ros.ament_cmake' and name 'mec_mobile'
[0.229s] Level 1:colcon.colcon_core.package_identification:_identify(/home/hiep0247/hiep_ros2/src/mec_mobile_description) by extensions ['ignore', 'ignore_ament_install']
[0.229s] Level 1:colcon.colcon_core.package_identification:_identify(/home/hiep0247/hiep_ros2/src/mec_mobile_description) by extension 'ignore'
[0.229s] Level 1:colcon.colcon_core.package_identification:_identify(/home/hiep0247/hiep_ros2/src/mec_mobile_description) by extension 'ignore_ament_install'
[0.229s] Level 1:colcon.colcon_core.package_identification:_identify(/home/hiep0247/hiep_ros2/src/mec_mobile_description) by extensions ['colcon_pkg']
[0.229s] Level 1:colcon.colcon_core.package_identification:_identify(/home/hiep0247/hiep_ros2/src/mec_mobile_description) by extension 'colcon_pkg'
[0.229s] Level 1:colcon.colcon_core.package_identification:_identify(/home/hiep0247/hiep_ros2/src/mec_mobile_description) by extensions ['colcon_meta']
[0.229s] Level 1:colcon.colcon_core.package_identification:_identify(/home/hiep0247/hiep_ros2/src/mec_mobile_description) by extension 'colcon_meta'
[0.229s] Level 1:colcon.colcon_core.package_identification:_identify(/home/hiep0247/hiep_ros2/src/mec_mobile_description) by extensions ['ros']
[0.229s] Level 1:colcon.colcon_core.package_identification:_identify(/home/hiep0247/hiep_ros2/src/mec_mobile_description) by extension 'ros'
[0.230s] DEBUG:colcon.colcon_core.package_identification:Package '/home/hiep0247/hiep_ros2/src/mec_mobile_description' with type 'ros.ament_cmake' and name 'mec_mobile_description'
[0.230s] Level 1:colcon.colcon_core.package_identification:_identify(/home/hiep0247/hiep_ros2/src/mec_mobile_gazebo) by extensions ['ignore', 'ignore_ament_install']
[0.230s] Level 1:colcon.colcon_core.package_identification:_identify(/home/hiep0247/hiep_ros2/src/mec_mobile_gazebo) by extension 'ignore'
[0.230s] Level 1:colcon.colcon_core.package_identification:_identify(/home/hiep0247/hiep_ros2/src/mec_mobile_gazebo) by extension 'ignore_ament_install'
[0.230s] Level 1:colcon.colcon_core.package_identification:_identify(/home/hiep0247/hiep_ros2/src/mec_mobile_gazebo) by extensions ['colcon_pkg']
[0.230s] Level 1:colcon.colcon_core.package_identification:_identify(/home/hiep0247/hiep_ros2/src/mec_mobile_gazebo) by extension 'colcon_pkg'
[0.230s] Level 1:colcon.colcon_core.package_identification:_identify(/home/hiep0247/hiep_ros2/src/mec_mobile_gazebo) by extensions ['colcon_meta']
[0.230s] Level 1:colcon.colcon_core.package_identification:_identify(/home/hiep0247/hiep_ros2/src/mec_mobile_gazebo) by extension 'colcon_meta'
[0.230s] Level 1:colcon.colcon_core.package_identification:_identify(/home/hiep0247/hiep_ros2/src/mec_mobile_gazebo) by extensions ['ros']
[0.230s] Level 1:colcon.colcon_core.package_identification:_identify(/home/hiep0247/hiep_ros2/src/mec_mobile_gazebo) by extension 'ros'
[0.231s] DEBUG:colcon.colcon_core.package_identification:Package '/home/hiep0247/hiep_ros2/src/mec_mobile_gazebo' with type 'ros.ament_cmake' and name 'mec_mobile_gazebo'
[0.231s] Level 1:colcon.colcon_core.package_identification:_identify(/home/hiep0247/hiep_ros2/src/mec_mobile_navigation) by extensions ['ignore', 'ignore_ament_install']
[0.231s] Level 1:colcon.colcon_core.package_identification:_identify(/home/hiep0247/hiep_ros2/src/mec_mobile_navigation) by extension 'ignore'
[0.231s] Level 1:colcon.colcon_core.package_identification:_identify(/home/hiep0247/hiep_ros2/src/mec_mobile_navigation) by extension 'ignore_ament_install'
[0.231s] Level 1:colcon.colcon_core.package_identification:_identify(/home/hiep0247/hiep_ros2/src/mec_mobile_navigation) by extensions ['colcon_pkg']
[0.232s] Level 1:colcon.colcon_core.package_identification:_identify(/home/hiep0247/hiep_ros2/src/mec_mobile_navigation) by extension 'colcon_pkg'
[0.232s] Level 1:colcon.colcon_core.package_identification:_identify(/home/hiep0247/hiep_ros2/src/mec_mobile_navigation) by extensions ['colcon_meta']
[0.232s] Level 1:colcon.colcon_core.package_identification:_identify(/home/hiep0247/hiep_ros2/src/mec_mobile_navigation) by extension 'colcon_meta'
[0.232s] Level 1:colcon.colcon_core.package_identification:_identify(/home/hiep0247/hiep_ros2/src/mec_mobile_navigation) by extensions ['ros']
[0.232s] Level 1:colcon.colcon_core.package_identification:_identify(/home/hiep0247/hiep_ros2/src/mec_mobile_navigation) by extension 'ros'
[0.233s] DEBUG:colcon.colcon_core.package_identification:Package '/home/hiep0247/hiep_ros2/src/mec_mobile_navigation' with type 'ros.ament_cmake' and name 'mec_mobile_navigation'
[0.233s] Level 1:colcon.colcon_core.package_discovery:discover_packages(recursive) using defaults
