[0.015s] Invoking command in '/home/hiep0247/hiep_ros2/build/mec_mobile_description': CMAKE_PREFIX_PATH=${CMAKE_PREFIX_PATH}:/home/hiep0247/hiep_ros2/install/serial_comm:/home/hiep0247/hiep_ros2/install/hiep_robot2:/opt/ros/jazzy DEBUGINFOD_URLS=https://debuginfod.ubuntu.com /usr/bin/cmake /home/hiep0247/hiep_ros2/src/mec_mobile_description -DCMAKE_INSTALL_PREFIX=/home/hiep0247/hiep_ros2/install/mec_mobile_description
[0.183s] -- The C compiler identification is GNU 13.3.0
[0.183s] -- The CXX compiler identification is GNU 13.3.0
[0.183s] -- Detecting C compiler ABI info
[0.183s] -- Detecting C compiler ABI info - done
[0.183s] -- Check for working C compiler: /usr/bin/cc - skipped
[0.184s] -- Detecting C compile features
[0.184s] -- Detecting C compile features - done
[0.187s] -- Detecting CXX compiler ABI info
[0.267s] -- Detecting CXX compiler ABI info - done
[0.275s] -- Check for working CXX compiler: /usr/bin/c++ - skipped
[0.275s] -- Detecting CXX compile features
[0.276s] -- Detecting CXX compile features - done
[0.289s] -- Found ament_cmake: 2.5.4 (/opt/ros/jazzy/share/ament_cmake/cmake)
[0.443s] -- Found Python3: /usr/bin/python3 (found version "3.12.3") found components: Interpreter 
[0.578s] -- Found urdf_tutorial: 1.1.0 (/opt/ros/jazzy/share/urdf_tutorial/cmake)
[0.581s] -- Found ament_lint_auto: 0.17.2 (/opt/ros/jazzy/share/ament_lint_auto/cmake)
[0.699s] -- Added test 'flake8' to check Python code syntax and style conventions
[0.699s] -- Configured 'flake8' exclude dirs and/or files: 
[0.701s] -- Added test 'lint_cmake' to check CMake code style
[0.702s] -- Added test 'pep257' to check Python code against some of the docstring style conventions in PEP 257
[0.704s] -- Added test 'xmllint' to check XML markup files
[0.706s] -- Configuring done (0.7s)
[0.708s] -- Generating done (0.0s)
[0.710s] -- Build files have been written to: /home/hiep0247/hiep_ros2/build/mec_mobile_description
[0.716s] Invoked command in '/home/hiep0247/hiep_ros2/build/mec_mobile_description' returned '0': CMAKE_PREFIX_PATH=${CMAKE_PREFIX_PATH}:/home/hiep0247/hiep_ros2/install/serial_comm:/home/hiep0247/hiep_ros2/install/hiep_robot2:/opt/ros/jazzy DEBUGINFOD_URLS=https://debuginfod.ubuntu.com /usr/bin/cmake /home/hiep0247/hiep_ros2/src/mec_mobile_description -DCMAKE_INSTALL_PREFIX=/home/hiep0247/hiep_ros2/install/mec_mobile_description
[0.717s] Invoking command in '/home/hiep0247/hiep_ros2/build/mec_mobile_description': CMAKE_PREFIX_PATH=${CMAKE_PREFIX_PATH}:/home/hiep0247/hiep_ros2/install/serial_comm:/home/hiep0247/hiep_ros2/install/hiep_robot2:/opt/ros/jazzy DEBUGINFOD_URLS=https://debuginfod.ubuntu.com /usr/bin/cmake --build /home/hiep0247/hiep_ros2/build/mec_mobile_description -- -j12 -l12
[0.755s] Invoked command in '/home/hiep0247/hiep_ros2/build/mec_mobile_description' returned '0': CMAKE_PREFIX_PATH=${CMAKE_PREFIX_PATH}:/home/hiep0247/hiep_ros2/install/serial_comm:/home/hiep0247/hiep_ros2/install/hiep_robot2:/opt/ros/jazzy DEBUGINFOD_URLS=https://debuginfod.ubuntu.com /usr/bin/cmake --build /home/hiep0247/hiep_ros2/build/mec_mobile_description -- -j12 -l12
[0.765s] Invoking command in '/home/hiep0247/hiep_ros2/build/mec_mobile_description': CMAKE_PREFIX_PATH=${CMAKE_PREFIX_PATH}:/home/hiep0247/hiep_ros2/install/serial_comm:/home/hiep0247/hiep_ros2/install/hiep_robot2:/opt/ros/jazzy DEBUGINFOD_URLS=https://debuginfod.ubuntu.com /usr/bin/cmake --install /home/hiep0247/hiep_ros2/build/mec_mobile_description
[0.772s] -- Install configuration: ""
[0.772s] -- Installing: /home/hiep0247/hiep_ros2/install/mec_mobile_description/share/mec_mobile_description/meshes
[0.772s] -- Installing: /home/hiep0247/hiep_ros2/install/mec_mobile_description/share/mec_mobile_description/meshes/rplidar
[0.773s] -- Installing: /home/hiep0247/hiep_ros2/install/mec_mobile_description/share/mec_mobile_description/meshes/rplidar/rplidar_s2.stl
[0.773s] -- Installing: /home/hiep0247/hiep_ros2/install/mec_mobile_description/share/mec_mobile_description/meshes/intel_realsense
[0.773s] -- Installing: /home/hiep0247/hiep_ros2/install/mec_mobile_description/share/mec_mobile_description/meshes/intel_realsense/visual
[0.773s] -- Installing: /home/hiep0247/hiep_ros2/install/mec_mobile_description/share/mec_mobile_description/meshes/intel_realsense/visual/d435.stl
[0.780s] -- Installing: /home/hiep0247/hiep_ros2/install/mec_mobile_description/share/mec_mobile_description/meshes/robot_3d
[0.780s] -- Installing: /home/hiep0247/hiep_ros2/install/mec_mobile_description/share/mec_mobile_description/meshes/robot_3d/visual
[0.781s] -- Installing: /home/hiep0247/hiep_ros2/install/mec_mobile_description/share/mec_mobile_description/meshes/robot_3d/visual/base_link_X3.STL
[0.781s] -- Installing: /home/hiep0247/hiep_ros2/install/mec_mobile_description/share/mec_mobile_description/meshes/robot_3d/visual/back_left_wheel_X3.STL
[0.782s] -- Installing: /home/hiep0247/hiep_ros2/install/mec_mobile_description/share/mec_mobile_description/meshes/robot_3d/visual/front_left_wheel_X3.STL
[0.783s] -- Installing: /home/hiep0247/hiep_ros2/install/mec_mobile_description/share/mec_mobile_description/meshes/robot_3d/visual/camera_link.STL
[0.784s] -- Installing: /home/hiep0247/hiep_ros2/install/mec_mobile_description/share/mec_mobile_description/meshes/robot_3d/visual/laser_link.STL
[0.789s] -- Installing: /home/hiep0247/hiep_ros2/install/mec_mobile_description/share/mec_mobile_description/meshes/robot_3d/visual/back_right_wheel_X3.STL
[0.790s] -- Installing: /home/hiep0247/hiep_ros2/install/mec_mobile_description/share/mec_mobile_description/meshes/robot_3d/visual/front_right_wheel_X3.STL
[0.792s] -- Installing: /home/hiep0247/hiep_ros2/install/mec_mobile_description/share/mec_mobile_description/urdf
[0.792s] -- Installing: /home/hiep0247/hiep_ros2/install/mec_mobile_description/share/mec_mobile_description/urdf/sensors
[0.792s] -- Installing: /home/hiep0247/hiep_ros2/install/mec_mobile_description/share/mec_mobile_description/urdf/sensors/imu.urdf.xacro
[0.792s] -- Installing: /home/hiep0247/hiep_ros2/install/mec_mobile_description/share/mec_mobile_description/urdf/sensors/lidar.urdf.xacro
[0.792s] -- Installing: /home/hiep0247/hiep_ros2/install/mec_mobile_description/share/mec_mobile_description/urdf/sensors/rgbd_camera.urdf.xacro
[0.792s] -- Installing: /home/hiep0247/hiep_ros2/install/mec_mobile_description/share/mec_mobile_description/urdf/mech
[0.792s] -- Installing: /home/hiep0247/hiep_ros2/install/mec_mobile_description/share/mec_mobile_description/urdf/mech/mecanum_wheel.urdf.xacro
[0.792s] -- Installing: /home/hiep0247/hiep_ros2/install/mec_mobile_description/share/mec_mobile_description/urdf/mech/robot_3d_base.urdf.xacro
[0.792s] -- Installing: /home/hiep0247/hiep_ros2/install/mec_mobile_description/share/mec_mobile_description/urdf/materials.xacro
[0.793s] -- Installing: /home/hiep0247/hiep_ros2/install/mec_mobile_description/share/mec_mobile_description/urdf/control
[0.793s] -- Installing: /home/hiep0247/hiep_ros2/install/mec_mobile_description/share/mec_mobile_description/urdf/control/mec_mobile.gazebo
[0.793s] -- Installing: /home/hiep0247/hiep_ros2/install/mec_mobile_description/share/mec_mobile_description/urdf/robots
[0.793s] -- Installing: /home/hiep0247/hiep_ros2/install/mec_mobile_description/share/mec_mobile_description/urdf/robots/robot_3d.urdf.xacro
[0.793s] -- Installing: /home/hiep0247/hiep_ros2/install/mec_mobile_description/share/mec_mobile_description/launch
[0.793s] -- Installing: /home/hiep0247/hiep_ros2/install/mec_mobile_description/share/mec_mobile_description/launch/check_urdf.launch.py
[0.793s] -- Installing: /home/hiep0247/hiep_ros2/install/mec_mobile_description/share/mec_mobile_description/launch/robot_state_publisher.launch.py
[0.793s] -- Installing: /home/hiep0247/hiep_ros2/install/mec_mobile_description/share/mec_mobile_description/rviz
[0.793s] -- Installing: /home/hiep0247/hiep_ros2/install/mec_mobile_description/share/mec_mobile_description/rviz/mec_mobile_description.rviz
[0.793s] -- Installing: /home/hiep0247/hiep_ros2/install/mec_mobile_description/share/mec_mobile_description/rviz/rviz.rviz
[0.793s] -- Installing: /home/hiep0247/hiep_ros2/install/mec_mobile_description/share/ament_index/resource_index/package_run_dependencies/mec_mobile_description
[0.793s] -- Installing: /home/hiep0247/hiep_ros2/install/mec_mobile_description/share/ament_index/resource_index/parent_prefix_path/mec_mobile_description
[0.793s] -- Installing: /home/hiep0247/hiep_ros2/install/mec_mobile_description/share/mec_mobile_description/environment/ament_prefix_path.sh
[0.793s] -- Installing: /home/hiep0247/hiep_ros2/install/mec_mobile_description/share/mec_mobile_description/environment/ament_prefix_path.dsv
[0.793s] -- Installing: /home/hiep0247/hiep_ros2/install/mec_mobile_description/share/mec_mobile_description/environment/path.sh
[0.793s] -- Installing: /home/hiep0247/hiep_ros2/install/mec_mobile_description/share/mec_mobile_description/environment/path.dsv
[0.794s] -- Installing: /home/hiep0247/hiep_ros2/install/mec_mobile_description/share/mec_mobile_description/local_setup.bash
[0.794s] -- Installing: /home/hiep0247/hiep_ros2/install/mec_mobile_description/share/mec_mobile_description/local_setup.sh
[0.794s] -- Installing: /home/hiep0247/hiep_ros2/install/mec_mobile_description/share/mec_mobile_description/local_setup.zsh
[0.794s] -- Installing: /home/hiep0247/hiep_ros2/install/mec_mobile_description/share/mec_mobile_description/local_setup.dsv
[0.794s] -- Installing: /home/hiep0247/hiep_ros2/install/mec_mobile_description/share/mec_mobile_description/package.dsv
[0.794s] -- Installing: /home/hiep0247/hiep_ros2/install/mec_mobile_description/share/ament_index/resource_index/packages/mec_mobile_description
[0.794s] -- Installing: /home/hiep0247/hiep_ros2/install/mec_mobile_description/share/mec_mobile_description/cmake/mec_mobile_descriptionConfig.cmake
[0.794s] -- Installing: /home/hiep0247/hiep_ros2/install/mec_mobile_description/share/mec_mobile_description/cmake/mec_mobile_descriptionConfig-version.cmake
[0.794s] -- Installing: /home/hiep0247/hiep_ros2/install/mec_mobile_description/share/mec_mobile_description/package.xml
[0.796s] Invoked command in '/home/hiep0247/hiep_ros2/build/mec_mobile_description' returned '0': CMAKE_PREFIX_PATH=${CMAKE_PREFIX_PATH}:/home/hiep0247/hiep_ros2/install/serial_comm:/home/hiep0247/hiep_ros2/install/hiep_robot2:/opt/ros/jazzy DEBUGINFOD_URLS=https://debuginfod.ubuntu.com /usr/bin/cmake --install /home/hiep0247/hiep_ros2/build/mec_mobile_description
