running egg_info
writing ../../build/hiep_robot2/hiep_robot2.egg-info/PKG-INFO
writing dependency_links to ../../build/hiep_robot2/hiep_robot2.egg-info/dependency_links.txt
writing entry points to ../../build/hiep_robot2/hiep_robot2.egg-info/entry_points.txt
writing requirements to ../../build/hiep_robot2/hiep_robot2.egg-info/requires.txt
writing top-level names to ../../build/hiep_robot2/hiep_robot2.egg-info/top_level.txt
reading manifest file '../../build/hiep_robot2/hiep_robot2.egg-info/SOURCES.txt'
writing manifest file '../../build/hiep_robot2/hiep_robot2.egg-info/SOURCES.txt'
running build
running build_py
copying hiep_robot2/serial_comm_node.py -> /home/hiep0247/hiep_ros2/build/hiep_robot2/build/lib/hiep_robot2
running install
running install_lib
copying /home/hiep0247/hiep_ros2/build/hiep_robot2/build/lib/hiep_robot2/serial_comm_node.py -> /home/hiep0247/hiep_ros2/install/hiep_robot2/lib/python3.12/site-packages/hiep_robot2
byte-compiling /home/hiep0247/hiep_ros2/install/hiep_robot2/lib/python3.12/site-packages/hiep_robot2/serial_comm_node.py to serial_comm_node.cpython-312.pyc
running install_data
running install_egg_info
removing '/home/hiep0247/hiep_ros2/install/hiep_robot2/lib/python3.12/site-packages/hiep_robot2-0.0.0-py3.12.egg-info' (and everything under it)
Copying ../../build/hiep_robot2/hiep_robot2.egg-info to /home/hiep0247/hiep_ros2/install/hiep_robot2/lib/python3.12/site-packages/hiep_robot2-0.0.0-py3.12.egg-info
running install_scripts
Installing serial_comm_node script to /home/hiep0247/hiep_ros2/install/hiep_robot2/lib/hiep_robot2
writing list of installed files to '/home/hiep0247/hiep_ros2/build/hiep_robot2/install.log'
