[0.168s] Invoking command in '/home/hiep0247/hiep_ros2/build/mec_mobile_gazebo': CMAKE_PREFIX_PATH=${CMAKE_PREFIX_PATH}:/home/hiep0247/hiep_ros2/install/hiep_robot2:/opt/ros/jazzy DEBUGINFOD_URLS=https://debuginfod.ubuntu.com /usr/bin/cmake --build /home/hiep0247/hiep_ros2/build/mec_mobile_gazebo -- -j12 -l12
[0.204s] -- Found ament_cmake: 2.5.4 (/opt/ros/jazzy/share/ament_cmake/cmake)
[0.366s] -- Found ros_gz_sim: 1.0.11 (/opt/ros/jazzy/share/ros_gz_sim/cmake)
[0.410s] -- Found rosidl_generator_c: 4.6.5 (/opt/ros/jazzy/share/rosidl_generator_c/cmake)
[0.421s] -- Found rosidl_generator_cpp: 4.6.5 (/opt/ros/jazzy/share/rosidl_generator_cpp/cmake)
[0.437s] -- Using all available rosidl_typesupport_c: rosidl_typesupport_fastrtps_c;rosidl_typesupport_introspection_c
[0.453s] -- Using all available rosidl_typesupport_cpp: rosidl_typesupport_fastrtps_cpp;rosidl_typesupport_introspection_cpp
[0.525s] -- Found rmw_implementation_cmake: 7.3.2 (/opt/ros/jazzy/share/rmw_implementation_cmake/cmake)
[0.527s] -- Found rmw_fastrtps_cpp: 8.4.2 (/opt/ros/jazzy/share/rmw_fastrtps_cpp/cmake)
[0.586s] -- Using RMW implementation 'rmw_fastrtps_cpp' as default
[0.652s] -- Found ament_lint_auto: 0.17.2 (/opt/ros/jazzy/share/ament_lint_auto/cmake)
[0.759s] -- Added test 'flake8' to check Python code syntax and style conventions
[0.759s] -- Configured 'flake8' exclude dirs and/or files: 
[0.759s] -- Added test 'lint_cmake' to check CMake code style
[0.759s] -- Added test 'pep257' to check Python code against some of the docstring style conventions in PEP 257
[0.760s] -- Added test 'xmllint' to check XML markup files
[0.761s] -- Configuring done (0.6s)
[0.766s] -- Generating done (0.0s)
[0.768s] -- Build files have been written to: /home/hiep0247/hiep_ros2/build/mec_mobile_gazebo
[0.789s] Invoked command in '/home/hiep0247/hiep_ros2/build/mec_mobile_gazebo' returned '0': CMAKE_PREFIX_PATH=${CMAKE_PREFIX_PATH}:/home/hiep0247/hiep_ros2/install/hiep_robot2:/opt/ros/jazzy DEBUGINFOD_URLS=https://debuginfod.ubuntu.com /usr/bin/cmake --build /home/hiep0247/hiep_ros2/build/mec_mobile_gazebo -- -j12 -l12
[0.790s] Invoking command in '/home/hiep0247/hiep_ros2/build/mec_mobile_gazebo': CMAKE_PREFIX_PATH=${CMAKE_PREFIX_PATH}:/home/hiep0247/hiep_ros2/install/hiep_robot2:/opt/ros/jazzy DEBUGINFOD_URLS=https://debuginfod.ubuntu.com /usr/bin/cmake --install /home/hiep0247/hiep_ros2/build/mec_mobile_gazebo
[0.797s] -- Install configuration: ""
[0.797s] -- Up-to-date: /home/hiep0247/hiep_ros2/install/mec_mobile_gazebo/share/mec_mobile_gazebo/launch
[0.797s] -- Up-to-date: /home/hiep0247/hiep_ros2/install/mec_mobile_gazebo/share/mec_mobile_gazebo/launch/spawn_robot.launch.py
[0.797s] -- Up-to-date: /home/hiep0247/hiep_ros2/install/mec_mobile_gazebo/share/mec_mobile_gazebo/launch/world.launch.py
[0.797s] -- Up-to-date: /home/hiep0247/hiep_ros2/install/mec_mobile_gazebo/share/mec_mobile_gazebo/worlds
[0.797s] -- Up-to-date: /home/hiep0247/hiep_ros2/install/mec_mobile_gazebo/share/mec_mobile_gazebo/worlds/empty.sdf
[0.797s] -- Installing: /home/hiep0247/hiep_ros2/install/mec_mobile_gazebo/share/mec_mobile_gazebo/worlds/world.sdf
[0.798s] -- Up-to-date: /home/hiep0247/hiep_ros2/install/mec_mobile_gazebo/share/ament_index/resource_index/package_run_dependencies/mec_mobile_gazebo
[0.798s] -- Installing: /home/hiep0247/hiep_ros2/install/mec_mobile_gazebo/share/ament_index/resource_index/parent_prefix_path/mec_mobile_gazebo
[0.798s] -- Up-to-date: /home/hiep0247/hiep_ros2/install/mec_mobile_gazebo/share/mec_mobile_gazebo/environment/ament_prefix_path.sh
[0.798s] -- Up-to-date: /home/hiep0247/hiep_ros2/install/mec_mobile_gazebo/share/mec_mobile_gazebo/environment/ament_prefix_path.dsv
[0.798s] -- Up-to-date: /home/hiep0247/hiep_ros2/install/mec_mobile_gazebo/share/mec_mobile_gazebo/environment/path.sh
[0.798s] -- Up-to-date: /home/hiep0247/hiep_ros2/install/mec_mobile_gazebo/share/mec_mobile_gazebo/environment/path.dsv
[0.798s] -- Up-to-date: /home/hiep0247/hiep_ros2/install/mec_mobile_gazebo/share/mec_mobile_gazebo/local_setup.bash
[0.798s] -- Up-to-date: /home/hiep0247/hiep_ros2/install/mec_mobile_gazebo/share/mec_mobile_gazebo/local_setup.sh
[0.798s] -- Up-to-date: /home/hiep0247/hiep_ros2/install/mec_mobile_gazebo/share/mec_mobile_gazebo/local_setup.zsh
[0.798s] -- Up-to-date: /home/hiep0247/hiep_ros2/install/mec_mobile_gazebo/share/mec_mobile_gazebo/local_setup.dsv
[0.798s] -- Up-to-date: /home/hiep0247/hiep_ros2/install/mec_mobile_gazebo/share/mec_mobile_gazebo/package.dsv
[0.798s] -- Up-to-date: /home/hiep0247/hiep_ros2/install/mec_mobile_gazebo/share/ament_index/resource_index/packages/mec_mobile_gazebo
[0.798s] -- Up-to-date: /home/hiep0247/hiep_ros2/install/mec_mobile_gazebo/share/mec_mobile_gazebo/cmake/mec_mobile_gazeboConfig.cmake
[0.798s] -- Up-to-date: /home/hiep0247/hiep_ros2/install/mec_mobile_gazebo/share/mec_mobile_gazebo/cmake/mec_mobile_gazeboConfig-version.cmake
[0.799s] -- Installing: /home/hiep0247/hiep_ros2/install/mec_mobile_gazebo/share/mec_mobile_gazebo/package.xml
[0.800s] Invoked command in '/home/hiep0247/hiep_ros2/build/mec_mobile_gazebo' returned '0': CMAKE_PREFIX_PATH=${CMAKE_PREFIX_PATH}:/home/hiep0247/hiep_ros2/install/hiep_robot2:/opt/ros/jazzy DEBUGINFOD_URLS=https://debuginfod.ubuntu.com /usr/bin/cmake --install /home/hiep0247/hiep_ros2/build/mec_mobile_gazebo
