[0.641s] Invoking command in '/home/hiep0247/hiep_ros2/src/hiep_robot2': DEBUGINFOD_URLS=https://debuginfod.ubuntu.com PYTHONPATH=/home/hiep0247/hiep_ros2/build/hiep_robot2/prefix_override:/usr/lib/python3/dist-packages/colcon_core/task/python/colcon_distutils_commands:/home/hiep0247/hiep_ros2/install/hiep_robot2/lib/python3.12/site-packages:${PYTHONPATH} /usr/bin/python3 -W ignore:setup.py install is deprecated -W ignore:easy_install command is deprecated setup.py egg_info --egg-base ../../build/hiep_robot2 build --build-base /home/hiep0247/hiep_ros2/build/hiep_robot2/build install --record /home/hiep0247/hiep_ros2/build/hiep_robot2/install.log --single-version-externally-managed install_data
[0.829s] running egg_info
[0.842s] writing ../../build/hiep_robot2/hiep_robot2.egg-info/PKG-INFO
[0.842s] writing dependency_links to ../../build/hiep_robot2/hiep_robot2.egg-info/dependency_links.txt
[0.843s] writing entry points to ../../build/hiep_robot2/hiep_robot2.egg-info/entry_points.txt
[0.843s] writing requirements to ../../build/hiep_robot2/hiep_robot2.egg-info/requires.txt
[0.843s] writing top-level names to ../../build/hiep_robot2/hiep_robot2.egg-info/top_level.txt
[0.870s] reading manifest file '../../build/hiep_robot2/hiep_robot2.egg-info/SOURCES.txt'
[0.871s] writing manifest file '../../build/hiep_robot2/hiep_robot2.egg-info/SOURCES.txt'
[0.871s] running build
[0.871s] running build_py
[0.871s] copying hiep_robot2/odometry_publisher.py -> /home/hiep0247/hiep_ros2/build/hiep_robot2/build/lib/hiep_robot2
[0.871s] running install
[0.876s] running install_lib
[0.890s] copying /home/hiep0247/hiep_ros2/build/hiep_robot2/build/lib/hiep_robot2/odometry_publisher.py -> /home/hiep0247/hiep_ros2/install/hiep_robot2/lib/python3.12/site-packages/hiep_robot2
[0.890s] copying /home/hiep0247/hiep_ros2/build/hiep_robot2/build/lib/hiep_robot2/serial_comm_node.py -> /home/hiep0247/hiep_ros2/install/hiep_robot2/lib/python3.12/site-packages/hiep_robot2
[0.890s] byte-compiling /home/hiep0247/hiep_ros2/install/hiep_robot2/lib/python3.12/site-packages/hiep_robot2/odometry_publisher.py to odometry_publisher.cpython-312.pyc
[0.890s] byte-compiling /home/hiep0247/hiep_ros2/install/hiep_robot2/lib/python3.12/site-packages/hiep_robot2/serial_comm_node.py to serial_comm_node.cpython-312.pyc
[0.891s] running install_data
[0.891s] running install_egg_info
[0.907s] removing '/home/hiep0247/hiep_ros2/install/hiep_robot2/lib/python3.12/site-packages/hiep_robot2-0.0.0-py3.12.egg-info' (and everything under it)
[0.907s] Copying ../../build/hiep_robot2/hiep_robot2.egg-info to /home/hiep0247/hiep_ros2/install/hiep_robot2/lib/python3.12/site-packages/hiep_robot2-0.0.0-py3.12.egg-info
[0.907s] running install_scripts
[1.000s] Installing odometry_publisher script to /home/hiep0247/hiep_ros2/install/hiep_robot2/lib/hiep_robot2
[1.001s] Installing serial_comm_node script to /home/hiep0247/hiep_ros2/install/hiep_robot2/lib/hiep_robot2
[1.001s] writing list of installed files to '/home/hiep0247/hiep_ros2/build/hiep_robot2/install.log'
[1.021s] Invoked command in '/home/hiep0247/hiep_ros2/src/hiep_robot2' returned '0': DEBUGINFOD_URLS=https://debuginfod.ubuntu.com PYTHONPATH=/home/hiep0247/hiep_ros2/build/hiep_robot2/prefix_override:/usr/lib/python3/dist-packages/colcon_core/task/python/colcon_distutils_commands:/home/hiep0247/hiep_ros2/install/hiep_robot2/lib/python3.12/site-packages:${PYTHONPATH} /usr/bin/python3 -W ignore:setup.py install is deprecated -W ignore:easy_install command is deprecated setup.py egg_info --egg-base ../../build/hiep_robot2 build --build-base /home/hiep0247/hiep_ros2/build/hiep_robot2/build install --record /home/hiep0247/hiep_ros2/build/hiep_robot2/install.log --single-version-externally-managed install_data
