[0.982s] Invoking command in '/home/hiep0247/hiep_ros2/src/hiep_robot2': DEBUGINFOD_URLS=https://debuginfod.ubuntu.com PYTHONPATH=/home/hiep0247/hiep_ros2/build/hiep_robot2/prefix_override:/usr/lib/python3/dist-packages/colcon_core/task/python/colcon_distutils_commands:/home/hiep0247/hiep_ros2/install/hiep_robot2/lib/python3.12/site-packages:${PYTHONPATH} /usr/bin/python3 -W ignore:setup.py install is deprecated -W ignore:easy_install command is deprecated setup.py egg_info --egg-base ../../build/hiep_robot2 build --build-base /home/hiep0247/hiep_ros2/build/hiep_robot2/build install --record /home/hiep0247/hiep_ros2/build/hiep_robot2/install.log --single-version-externally-managed install_data
[1.170s] running egg_info
[1.185s] writing ../../build/hiep_robot2/hiep_robot2.egg-info/PKG-INFO
[1.185s] writing dependency_links to ../../build/hiep_robot2/hiep_robot2.egg-info/dependency_links.txt
[1.185s] writing entry points to ../../build/hiep_robot2/hiep_robot2.egg-info/entry_points.txt
[1.185s] writing requirements to ../../build/hiep_robot2/hiep_robot2.egg-info/requires.txt
[1.185s] writing top-level names to ../../build/hiep_robot2/hiep_robot2.egg-info/top_level.txt
[1.215s] reading manifest file '../../build/hiep_robot2/hiep_robot2.egg-info/SOURCES.txt'
[1.216s] writing manifest file '../../build/hiep_robot2/hiep_robot2.egg-info/SOURCES.txt'
[1.216s] running build
[1.216s] running build_py
[1.216s] copying hiep_robot2/__init__.py -> /home/hiep0247/hiep_ros2/build/hiep_robot2/build/lib/hiep_robot2
[1.216s] running install
[1.221s] running install_lib
[1.235s] copying /home/hiep0247/hiep_ros2/build/hiep_robot2/build/lib/hiep_robot2/__init__.py -> /home/hiep0247/hiep_ros2/install/hiep_robot2/lib/python3.12/site-packages/hiep_robot2
[1.235s] byte-compiling /home/hiep0247/hiep_ros2/install/hiep_robot2/lib/python3.12/site-packages/hiep_robot2/__init__.py to __init__.cpython-312.pyc
[1.236s] running install_data
[1.236s] copying package.xml -> /home/hiep0247/hiep_ros2/install/hiep_robot2/share/hiep_robot2
[1.236s] copying launch/serial_comm_launch.py -> /home/hiep0247/hiep_ros2/install/hiep_robot2/share/hiep_robot2/launch
[1.236s] running install_egg_info
[1.251s] removing '/home/hiep0247/hiep_ros2/install/hiep_robot2/lib/python3.12/site-packages/hiep_robot2-0.0.0-py3.12.egg-info' (and everything under it)
[1.251s] Copying ../../build/hiep_robot2/hiep_robot2.egg-info to /home/hiep0247/hiep_ros2/install/hiep_robot2/lib/python3.12/site-packages/hiep_robot2-0.0.0-py3.12.egg-info
[1.252s] running install_scripts
[1.344s] Installing serial_comm_node script to /home/hiep0247/hiep_ros2/install/hiep_robot2/lib/hiep_robot2
[1.344s] writing list of installed files to '/home/hiep0247/hiep_ros2/build/hiep_robot2/install.log'
